#***************************************************************************

#sjplacer

#Version:            1.1

#Build Date:         May  8 2015 09:27:37

#File Generated:     Aug 12 2015 13:48:13

#Purpose:            

#Copyright (C) 2010-2011 by Softjin Technologies Pvt Ltd. All rights reserved.

#***************************************************************************

Executing : C:\Program Files (x86)\Cypress\PSoC Creator\3.2\PSoC Creator\bin/sjplacer.exe --proj-name MSFT_Interface --netlist-vh2 MSFT_Interface_p.vh2 --arch-file C:\Program Files (x86)\Cypress\PSoC Creator\3.2\PSoC Creator\dev/arch/p35_udb4x6.ark --rrg-file C:\Program Files (x86)\Cypress\PSoC Creator\3.2\PSoC Creator\dev/psoc5/psoc5lp/route_arch-rrg.cydata --irq-file C:\Program Files (x86)\Cypress\PSoC Creator\3.2\PSoC Creator\dev/psoc5/psoc5lp/irqconn.cydata --drq-file C:\Program Files (x86)\Cypress\PSoC Creator\3.2\PSoC Creator\dev/psoc5/psoc5lp/dmaconn.cydata --dsi-conn-file C:\Program Files (x86)\Cypress\PSoC Creator\3.2\PSoC Creator\dev/psoc5/psoc5lp/dsiconn.cydata --pins-file pins_68-QFN.xml --lib-file MSFT_Interface_p.lib --sdc-file MSFT_Interface.sdc --io-pcf MSFT_Interface.pci --outdir .

		Softjin Techologies Placer, Version 1.1

Build Date : May  8 2015	08:51:53

D2004: Option and Settings Summary
=============================================================
Netlist vh2 file          - MSFT_Interface_p.vh2
Architecture file         - C:\Program Files (x86)\Cypress\PSoC Creator\3.2\PSoC Creator\dev/arch/p35_udb4x6.ark
Package                   - 
Defparam file             - 
SDC file                  - MSFT_Interface.sdc
Output directory          - .
Timing library            - MSFT_Interface_p.lib
IO Placement file         - MSFT_Interface.pci

D2050: Starting reading inputs for placer
=============================================================
D2065: Reading netlist file : "MSFT_Interface_p.vh2"
D2065: Reading arch file : "C:\Program Files (x86)\Cypress\PSoC Creator\3.2\PSoC Creator\dev/arch/p35_udb4x6.ark"
D2051: Reading of inputs for placer completed successfully

D2053: Starting placement of the design
=============================================================

Phase 2
Phase 3

Design Statistics after Packing
    Number of Combinational MCs 	:	17
    Number of Sequential MCs    	:	116
    Number of DPs               	:	15
    Number of Controls          	:	11
    Number of Status            	:	6
    Number of SyncCells         	:	3
    Number of count7cells       	:	2

Device Utilization Summary after Packing
    Macrocells                  :	133/192
    UDBS                        :	24/24
    IOs                         :	15/72


D2088: Phase 3, elapsed time : 0.0 (sec)

Phase 4
D2088: Phase 4, elapsed time : 0.0 (sec)

Phase 5
D2088: Phase 5, elapsed time : 0.0 (sec)

Phase 6

######################################################################
Placement Timing Summary

The timing summary is based on estimated routing delays after
placement. For final timing report, please carry out the timing
analysis after routing.
======================================================================

######################################################################
                     Clock Summary 
======================================================================
Number of clocks: 11
Clock: ADC_IntClock         | Frequency:  33.3 MHz | Target:   1.4 MHz
Clock: ADC_IntClock(routed) | Frequency: N/A       | Target:   1.4 MHz
Clock: Clock_1              | Frequency:  81.0 MHz | Target:  13.2 MHz
Clock: Clock_2              | Frequency:  77.5 MHz | Target:   0.1 MHz
Clock: Clock_3              | Frequency:  58.6 MHz | Target:   1.0 MHz
Clock: CyBUS_CLK            | Frequency:  65.8 MHz | Target:  66.0 MHz
Clock: CyILO                | Frequency: N/A       | Target:   0.1 MHz
Clock: CyIMO                | Frequency: N/A       | Target:  24.0 MHz
Clock: CyMASTER_CLK         | Frequency: N/A       | Target:  66.0 MHz
Clock: CyPLL_OUT            | Frequency: N/A       | Target:  66.0 MHz
Clock: U_IntClock           | Frequency:  44.8 MHz | Target:   0.9 MHz

======================================================================
                     End of Clock Summary
######################################################################

D2088: Phase 6, elapsed time : 0.1 (sec)

Phase 7
######################################################################
                     Clock Summary 
======================================================================
Number of clocks: 11
Clock: ADC_IntClock         | Frequency:  18.1 MHz | Target:   1.4 MHz
Clock: ADC_IntClock(routed) | Frequency: N/A       | Target:   1.4 MHz
Clock: Clock_1              | Frequency:  70.7 MHz | Target:  13.2 MHz
Clock: Clock_2              | Frequency:  61.3 MHz | Target:   0.1 MHz
Clock: Clock_3              | Frequency:  58.6 MHz | Target:   1.0 MHz
Clock: CyBUS_CLK            | Frequency:   9.8 MHz | Target:  66.0 MHz
Clock: CyILO                | Frequency: N/A       | Target:   0.1 MHz
Clock: CyIMO                | Frequency: N/A       | Target:  24.0 MHz
Clock: CyMASTER_CLK         | Frequency: N/A       | Target:  66.0 MHz
Clock: CyPLL_OUT            | Frequency: N/A       | Target:  66.0 MHz
Clock: U_IntClock           | Frequency:   9.8 MHz | Target:   0.9 MHz

======================================================================
                     End of Clock Summary
######################################################################
D2088: Phase 7, elapsed time : 4.9 (sec)

Final Design Statistics
    Number of Combinational MCs 	:	17
    Number of Sequential MCs    	:	116
    Number of DPs               	:	15
    Number of Controls          	:	11
    Number of Status            	:	6
    Number of SyncCells         	:	3
    Number of count7cells       	:	2
    Number of IOs       	:	15

Device Utilization Summary
    Macrocells                  :	133/192
    IOs                         :	15/72



######################################################################
Placement Timing Summary

The timing summary is based on estimated routing delays after
placement. For final timing report, please carry out the timing
analysis after routing.
======================================================================


######################################################################
                     Clock Summary 
======================================================================
Number of clocks: 11
Clock: ADC_IntClock         | Frequency:  19.8 MHz | Target:   1.4 MHz
Clock: ADC_IntClock(routed) | Frequency: N/A       | Target:   1.4 MHz
Clock: Clock_1              | Frequency:  77.2 MHz | Target:  13.2 MHz
Clock: Clock_2              | Frequency:  74.0 MHz | Target:   0.1 MHz
Clock: Clock_3              | Frequency:  55.0 MHz | Target:   1.0 MHz
Clock: CyBUS_CLK            | Frequency:  10.2 MHz | Target:  66.0 MHz
Clock: CyILO                | Frequency: N/A       | Target:   0.1 MHz
Clock: CyIMO                | Frequency: N/A       | Target:  24.0 MHz
Clock: CyMASTER_CLK         | Frequency: N/A       | Target:  66.0 MHz
Clock: CyPLL_OUT            | Frequency: N/A       | Target:  66.0 MHz
Clock: U_IntClock           | Frequency:  10.2 MHz | Target:   0.9 MHz

======================================================================
                     End of Clock Summary
######################################################################

Phase 8
D2088: Phase 8, elapsed time : 0.0 (sec)

D2054: Placement of the design completed successfully

I2076: Total run-time: 6.0 sec.

